ERROR>SLF4J: Failed to load class "org.slf4j.impl.StaticLoggerBinder".
ERROR>SLF4J: Defaulting to no-operation (NOP) logger implementation
ERROR>SLF4J: See http://www.slf4j.org/codes.html#StaticLoggerBinder for further details.
OUTPUT>Start to check local patches....
OUTPUT>COMPLETED at Fri Dec 13 12:01:06 GMT 2019
OUTPUT>
OUTPUT>COMPLETED at Fri Dec 13 12:01:19 GMT 2019
OUTPUT>
OUTPUT>COMPLETED at Fri Dec 13 12:01:19 GMT 2019
OUTPUT>
ERROR>SLF4J: Failed to load class "org.slf4j.impl.StaticLoggerBinder".
ERROR>SLF4J: Defaulting to no-operation (NOP) logger implementation
ERROR>SLF4J: See http://www.slf4j.org/codes.html#StaticLoggerBinder for further details.
OUTPUT>Start to check local patches....
OUTPUT>COMPLETED at Fri Dec 13 12:02:01 GMT 2019
OUTPUT>
ERROR>SLF4J: Failed to load class "org.slf4j.impl.StaticLoggerBinder".
ERROR>SLF4J: Defaulting to no-operation (NOP) logger implementation
ERROR>SLF4J: See http://www.slf4j.org/codes.html#StaticLoggerBinder for further details.
OUTPUT>Component server not yet ready, will wait again
OUTPUT>Component server not yet ready, will wait again
OUTPUT>COMPLETED at Fri Dec 13 12:06:57 GMT 2019
OUTPUT>
ERROR>SLF4J: Failed to load class "org.slf4j.impl.StaticLoggerBinder".
ERROR>SLF4J: Defaulting to no-operation (NOP) logger implementation
ERROR>SLF4J: See http://www.slf4j.org/codes.html#StaticLoggerBinder for further details.
OUTPUT>Start to check local patches....
OUTPUT>COMPLETED at Sun Dec 15 03:15:04 GMT 2019
OUTPUT>
OUTPUT>COMPLETED at Sun Dec 15 03:15:19 GMT 2019
OUTPUT>
OUTPUT>COMPLETED at Sun Dec 15 03:15:20 GMT 2019
OUTPUT>
ERROR>SLF4J: Failed to load class "org.slf4j.impl.StaticLoggerBinder".
ERROR>SLF4J: Defaulting to no-operation (NOP) logger implementation
ERROR>SLF4J: See http://www.slf4j.org/codes.html#StaticLoggerBinder for further details.
OUTPUT>Start to check local patches....
OUTPUT>COMPLETED at Sun Dec 15 03:15:38 GMT 2019
OUTPUT>
ERROR>SLF4J: Failed to load class "org.slf4j.impl.StaticLoggerBinder".
ERROR>SLF4J: Defaulting to no-operation (NOP) logger implementation
ERROR>SLF4J: See http://www.slf4j.org/codes.html#StaticLoggerBinder for further details.
OUTPUT>Component server not yet ready, will wait again
OUTPUT>Component server not yet ready, will wait again
OUTPUT>COMPLETED at Sun Dec 15 03:21:28 GMT 2019
OUTPUT>
OUTPUT>COMPLETED at Sun Dec 15 03:28:58 GMT 2019
OUTPUT>
OUTPUT>COMPLETED at Sun Dec 15 03:28:59 GMT 2019
OUTPUT>
ERROR>SLF4J: Failed to load class "org.slf4j.impl.StaticLoggerBinder".
ERROR>SLF4J: Defaulting to no-operation (NOP) logger implementation
ERROR>SLF4J: See http://www.slf4j.org/codes.html#StaticLoggerBinder for further details.
OUTPUT>Start to check local patches....
OUTPUT>COMPLETED at Mon Dec 16 05:04:36 GMT 2019
OUTPUT>
OUTPUT>COMPLETED at Mon Dec 16 05:04:44 GMT 2019
OUTPUT>
OUTPUT>COMPLETED at Mon Dec 16 05:04:44 GMT 2019
OUTPUT>
ERROR>SLF4J: Failed to load class "org.slf4j.impl.StaticLoggerBinder".
ERROR>SLF4J: Defaulting to no-operation (NOP) logger implementation
ERROR>SLF4J: See http://www.slf4j.org/codes.html#StaticLoggerBinder for further details.
OUTPUT>Start to check local patches....
OUTPUT>COMPLETED at Mon Dec 16 05:04:53 GMT 2019
OUTPUT>
ERROR>SLF4J: Failed to load class "org.slf4j.impl.StaticLoggerBinder".
ERROR>SLF4J: Defaulting to no-operation (NOP) logger implementation
ERROR>SLF4J: See http://www.slf4j.org/codes.html#StaticLoggerBinder for further details.
OUTPUT>Component server not yet ready, will wait again
OUTPUT>COMPLETED at Mon Dec 16 05:07:39 GMT 2019
OUTPUT>
OUTPUT>COMPLETED at Mon Dec 16 05:14:42 GMT 2019
OUTPUT>
OUTPUT>COMPLETED at Mon Dec 16 05:14:42 GMT 2019
OUTPUT>
ERROR>SLF4J: Failed to load class "org.slf4j.impl.StaticLoggerBinder".
ERROR>SLF4J: Defaulting to no-operation (NOP) logger implementation
ERROR>SLF4J: See http://www.slf4j.org/codes.html#StaticLoggerBinder for further details.
OUTPUT>Start to check local patches....
OUTPUT>COMPLETED at Mon Dec 16 07:04:09 GMT 2019
OUTPUT>
OUTPUT>COMPLETED at Mon Dec 16 07:04:20 GMT 2019
OUTPUT>
OUTPUT>COMPLETED at Mon Dec 16 07:04:20 GMT 2019
OUTPUT>
ERROR>SLF4J: Failed to load class "org.slf4j.impl.StaticLoggerBinder".
ERROR>SLF4J: Defaulting to no-operation (NOP) logger implementation
ERROR>SLF4J: See http://www.slf4j.org/codes.html#StaticLoggerBinder for further details.
OUTPUT>Start to check local patches....
OUTPUT>COMPLETED at Mon Dec 16 07:04:35 GMT 2019
OUTPUT>
ERROR>SLF4J: Failed to load class "org.slf4j.impl.StaticLoggerBinder".
ERROR>SLF4J: Defaulting to no-operation (NOP) logger implementation
ERROR>SLF4J: See http://www.slf4j.org/codes.html#StaticLoggerBinder for further details.
OUTPUT>Component server not yet ready, will wait again
OUTPUT>COMPLETED at Mon Dec 16 07:08:25 GMT 2019
OUTPUT>
OUTPUT>COMPLETED at Mon Dec 16 07:15:34 GMT 2019
OUTPUT>
OUTPUT>COMPLETED at Mon Dec 16 07:15:34 GMT 2019
OUTPUT>
ERROR>SLF4J: Failed to load class "org.slf4j.impl.StaticLoggerBinder".
ERROR>SLF4J: Defaulting to no-operation (NOP) logger implementation
ERROR>SLF4J: See http://www.slf4j.org/codes.html#StaticLoggerBinder for further details.
OUTPUT>Start to check local patches....
OUTPUT>COMPLETED at Mon Dec 16 07:21:47 GMT 2019
OUTPUT>
OUTPUT>COMPLETED at Mon Dec 16 07:21:52 GMT 2019
OUTPUT>
OUTPUT>COMPLETED at Mon Dec 16 07:21:52 GMT 2019
OUTPUT>
ERROR>SLF4J: Failed to load class "org.slf4j.impl.StaticLoggerBinder".
ERROR>SLF4J: Defaulting to no-operation (NOP) logger implementation
ERROR>SLF4J: See http://www.slf4j.org/codes.html#StaticLoggerBinder for further details.
OUTPUT>Start to check local patches....
OUTPUT>COMPLETED at Mon Dec 16 07:22:05 GMT 2019
OUTPUT>
ERROR>SLF4J: Failed to load class "org.slf4j.impl.StaticLoggerBinder".
ERROR>SLF4J: Defaulting to no-operation (NOP) logger implementation
ERROR>SLF4J: See http://www.slf4j.org/codes.html#StaticLoggerBinder for further details.
OUTPUT>COMPLETED at Mon Dec 16 07:25:43 GMT 2019
OUTPUT>
OUTPUT>COMPLETED at Mon Dec 16 07:32:54 GMT 2019
OUTPUT>
OUTPUT>COMPLETED at Mon Dec 16 07:32:54 GMT 2019
OUTPUT>
ERROR>SLF4J: Failed to load class "org.slf4j.impl.StaticLoggerBinder".
ERROR>SLF4J: Defaulting to no-operation (NOP) logger implementation
ERROR>SLF4J: See http://www.slf4j.org/codes.html#StaticLoggerBinder for further details.
OUTPUT>Start to check local patches....
OUTPUT>COMPLETED at Mon Dec 16 09:19:12 GMT 2019
OUTPUT>
OUTPUT>COMPLETED at Mon Dec 16 09:19:23 GMT 2019
OUTPUT>
OUTPUT>COMPLETED at Mon Dec 16 09:19:23 GMT 2019
OUTPUT>
ERROR>SLF4J: Failed to load class "org.slf4j.impl.StaticLoggerBinder".
ERROR>SLF4J: Defaulting to no-operation (NOP) logger implementation
ERROR>SLF4J: See http://www.slf4j.org/codes.html#StaticLoggerBinder for further details.
OUTPUT>Start to check local patches....
OUTPUT>COMPLETED at Mon Dec 16 09:19:37 GMT 2019
OUTPUT>
ERROR>SLF4J: Failed to load class "org.slf4j.impl.StaticLoggerBinder".
ERROR>SLF4J: Defaulting to no-operation (NOP) logger implementation
ERROR>SLF4J: See http://www.slf4j.org/codes.html#StaticLoggerBinder for further details.
OUTPUT>Component server not yet ready, will wait again
OUTPUT>Component server not yet ready, will wait again
OUTPUT>COMPLETED at Mon Dec 16 09:23:38 GMT 2019
OUTPUT>
OUTPUT>COMPLETED at Mon Dec 16 09:30:48 GMT 2019
OUTPUT>
OUTPUT>COMPLETED at Mon Dec 16 09:30:48 GMT 2019
OUTPUT>
ERROR>SLF4J: Failed to load class "org.slf4j.impl.StaticLoggerBinder".
ERROR>SLF4J: Defaulting to no-operation (NOP) logger implementation
ERROR>SLF4J: See http://www.slf4j.org/codes.html#StaticLoggerBinder for further details.
OUTPUT>Start to check local patches....
OUTPUT>COMPLETED at Mon Dec 16 09:47:26 GMT 2019
OUTPUT>
OUTPUT>COMPLETED at Mon Dec 16 09:47:31 GMT 2019
OUTPUT>
OUTPUT>COMPLETED at Mon Dec 16 09:47:31 GMT 2019
OUTPUT>
ERROR>SLF4J: Failed to load class "org.slf4j.impl.StaticLoggerBinder".
ERROR>SLF4J: Defaulting to no-operation (NOP) logger implementation
ERROR>SLF4J: See http://www.slf4j.org/codes.html#StaticLoggerBinder for further details.
OUTPUT>Start to check local patches....
OUTPUT>COMPLETED at Mon Dec 16 09:47:45 GMT 2019
OUTPUT>
ERROR>SLF4J: Failed to load class "org.slf4j.impl.StaticLoggerBinder".
ERROR>SLF4J: Defaulting to no-operation (NOP) logger implementation
ERROR>SLF4J: See http://www.slf4j.org/codes.html#StaticLoggerBinder for further details.
OUTPUT>Component server not yet ready, will wait again
OUTPUT>COMPLETED at Mon Dec 16 09:48:41 GMT 2019
OUTPUT>
OUTPUT>COMPLETED at Mon Dec 16 09:55:44 GMT 2019
OUTPUT>
OUTPUT>COMPLETED at Mon Dec 16 09:55:44 GMT 2019
OUTPUT>
ERROR>SLF4J: Failed to load class "org.slf4j.impl.StaticLoggerBinder".
ERROR>SLF4J: Defaulting to no-operation (NOP) logger implementation
ERROR>SLF4J: See http://www.slf4j.org/codes.html#StaticLoggerBinder for further details.
OUTPUT>Start to check local patches....
OUTPUT>COMPLETED at Mon Dec 16 10:07:59 GMT 2019
OUTPUT>
OUTPUT>COMPLETED at Mon Dec 16 10:08:09 GMT 2019
OUTPUT>
OUTPUT>COMPLETED at Mon Dec 16 10:08:09 GMT 2019
OUTPUT>
ERROR>SLF4J: Failed to load class "org.slf4j.impl.StaticLoggerBinder".
ERROR>SLF4J: Defaulting to no-operation (NOP) logger implementation
ERROR>SLF4J: See http://www.slf4j.org/codes.html#StaticLoggerBinder for further details.
OUTPUT>Start to check local patches....
OUTPUT>COMPLETED at Mon Dec 16 10:08:20 GMT 2019
OUTPUT>
ERROR>SLF4J: Failed to load class "org.slf4j.impl.StaticLoggerBinder".
ERROR>SLF4J: Defaulting to no-operation (NOP) logger implementation
ERROR>SLF4J: See http://www.slf4j.org/codes.html#StaticLoggerBinder for further details.
OUTPUT>Component server not yet ready, will wait again
ERROR>SLF4J: Failed to load class "org.slf4j.impl.StaticLoggerBinder".
ERROR>SLF4J: Defaulting to no-operation (NOP) logger implementation
ERROR>SLF4J: See http://www.slf4j.org/codes.html#StaticLoggerBinder for further details.
OUTPUT>Start to check local patches....
OUTPUT>COMPLETED at Tue Dec 17 04:58:56 GMT 2019
OUTPUT>
OUTPUT>COMPLETED at Tue Dec 17 04:59:09 GMT 2019
OUTPUT>
OUTPUT>COMPLETED at Tue Dec 17 04:59:09 GMT 2019
OUTPUT>
ERROR>SLF4J: Failed to load class "org.slf4j.impl.StaticLoggerBinder".
ERROR>SLF4J: Defaulting to no-operation (NOP) logger implementation
ERROR>SLF4J: See http://www.slf4j.org/codes.html#StaticLoggerBinder for further details.
OUTPUT>Start to check local patches....
OUTPUT>COMPLETED at Tue Dec 17 04:59:25 GMT 2019
OUTPUT>
ERROR>SLF4J: Failed to load class "org.slf4j.impl.StaticLoggerBinder".
ERROR>SLF4J: Defaulting to no-operation (NOP) logger implementation
ERROR>SLF4J: See http://www.slf4j.org/codes.html#StaticLoggerBinder for further details.
OUTPUT>Component server not yet ready, will wait again
OUTPUT>Component server not yet ready, will wait again
OUTPUT>COMPLETED at Tue Dec 17 05:04:49 GMT 2019
OUTPUT>
OUTPUT>COMPLETED at Tue Dec 17 05:12:08 GMT 2019
OUTPUT>
OUTPUT>COMPLETED at Tue Dec 17 05:12:09 GMT 2019
OUTPUT>
ERROR>SLF4J: Failed to load class "org.slf4j.impl.StaticLoggerBinder".
ERROR>SLF4J: Defaulting to no-operation (NOP) logger implementation
ERROR>SLF4J: See http://www.slf4j.org/codes.html#StaticLoggerBinder for further details.
OUTPUT>Start to check local patches....
OUTPUT>COMPLETED at Wed Dec 18 11:12:33 GMT 2019
OUTPUT>
OUTPUT>COMPLETED at Wed Dec 18 11:12:47 GMT 2019
OUTPUT>
OUTPUT>COMPLETED at Wed Dec 18 11:12:47 GMT 2019
OUTPUT>
ERROR>SLF4J: Failed to load class "org.slf4j.impl.StaticLoggerBinder".
ERROR>SLF4J: Defaulting to no-operation (NOP) logger implementation
ERROR>SLF4J: See http://www.slf4j.org/codes.html#StaticLoggerBinder for further details.
OUTPUT>Start to check local patches....
OUTPUT>COMPLETED at Wed Dec 18 11:13:05 GMT 2019
OUTPUT>
ERROR>SLF4J: Failed to load class "org.slf4j.impl.StaticLoggerBinder".
ERROR>SLF4J: Defaulting to no-operation (NOP) logger implementation
ERROR>SLF4J: See http://www.slf4j.org/codes.html#StaticLoggerBinder for further details.
OUTPUT>Component server not yet ready, will wait again
OUTPUT>Component server not yet ready, will wait again
OUTPUT>COMPLETED at Wed Dec 18 11:16:20 GMT 2019
OUTPUT>
OUTPUT>COMPLETED at Wed Dec 18 11:23:23 GMT 2019
OUTPUT>
OUTPUT>COMPLETED at Wed Dec 18 11:23:24 GMT 2019
OUTPUT>
ERROR>SLF4J: Failed to load class "org.slf4j.impl.StaticLoggerBinder".
ERROR>SLF4J: Defaulting to no-operation (NOP) logger implementation
ERROR>SLF4J: See http://www.slf4j.org/codes.html#StaticLoggerBinder for further details.
OUTPUT>Start to check local patches....
OUTPUT>COMPLETED at Wed Dec 18 11:27:50 GMT 2019
OUTPUT>
OUTPUT>COMPLETED at Wed Dec 18 11:27:57 GMT 2019
OUTPUT>
OUTPUT>COMPLETED at Wed Dec 18 11:27:57 GMT 2019
OUTPUT>
ERROR>SLF4J: Failed to load class "org.slf4j.impl.StaticLoggerBinder".
ERROR>SLF4J: Defaulting to no-operation (NOP) logger implementation
ERROR>SLF4J: See http://www.slf4j.org/codes.html#StaticLoggerBinder for further details.
OUTPUT>Start to check local patches....
OUTPUT>COMPLETED at Wed Dec 18 11:28:06 GMT 2019
OUTPUT>
ERROR>SLF4J: Failed to load class "org.slf4j.impl.StaticLoggerBinder".
ERROR>SLF4J: Defaulting to no-operation (NOP) logger implementation
ERROR>SLF4J: See http://www.slf4j.org/codes.html#StaticLoggerBinder for further details.
OUTPUT>Component server not yet ready, will wait again
ERROR>SLF4J: Failed to load class "org.slf4j.impl.StaticLoggerBinder".
ERROR>SLF4J: Defaulting to no-operation (NOP) logger implementation
ERROR>SLF4J: See http://www.slf4j.org/codes.html#StaticLoggerBinder for further details.
OUTPUT>Start to check local patches....
OUTPUT>COMPLETED at Wed Dec 18 11:39:33 GMT 2019
OUTPUT>
OUTPUT>COMPLETED at Wed Dec 18 11:39:40 GMT 2019
OUTPUT>
OUTPUT>COMPLETED at Wed Dec 18 11:39:40 GMT 2019
OUTPUT>
ERROR>SLF4J: Failed to load class "org.slf4j.impl.StaticLoggerBinder".
ERROR>SLF4J: Defaulting to no-operation (NOP) logger implementation
ERROR>SLF4J: See http://www.slf4j.org/codes.html#StaticLoggerBinder for further details.
OUTPUT>Start to check local patches....
OUTPUT>COMPLETED at Wed Dec 18 11:39:49 GMT 2019
OUTPUT>
ERROR>SLF4J: Failed to load class "org.slf4j.impl.StaticLoggerBinder".
ERROR>SLF4J: Defaulting to no-operation (NOP) logger implementation
ERROR>SLF4J: See http://www.slf4j.org/codes.html#StaticLoggerBinder for further details.
OUTPUT>Component server not yet ready, will wait again
OUTPUT>COMPLETED at Wed Dec 18 11:42:33 GMT 2019
OUTPUT>
OUTPUT>COMPLETED at Wed Dec 18 11:49:34 GMT 2019
OUTPUT>
OUTPUT>COMPLETED at Wed Dec 18 11:49:34 GMT 2019
OUTPUT>
ERROR>SLF4J: Failed to load class "org.slf4j.impl.StaticLoggerBinder".
ERROR>SLF4J: Defaulting to no-operation (NOP) logger implementation
ERROR>SLF4J: See http://www.slf4j.org/codes.html#StaticLoggerBinder for further details.
OUTPUT>Start to check local patches....
OUTPUT>COMPLETED at Wed Dec 18 12:04:21 GMT 2019
OUTPUT>
OUTPUT>COMPLETED at Wed Dec 18 12:04:24 GMT 2019
OUTPUT>
OUTPUT>COMPLETED at Wed Dec 18 12:04:24 GMT 2019
OUTPUT>
ERROR>SLF4J: Failed to load class "org.slf4j.impl.StaticLoggerBinder".
ERROR>SLF4J: Defaulting to no-operation (NOP) logger implementation
ERROR>SLF4J: See http://www.slf4j.org/codes.html#StaticLoggerBinder for further details.
OUTPUT>Start to check local patches....
OUTPUT>COMPLETED at Wed Dec 18 12:04:32 GMT 2019
OUTPUT>
ERROR>SLF4J: Failed to load class "org.slf4j.impl.StaticLoggerBinder".
ERROR>SLF4J: Defaulting to no-operation (NOP) logger implementation
ERROR>SLF4J: See http://www.slf4j.org/codes.html#StaticLoggerBinder for further details.
OUTPUT>COMPLETED at Wed Dec 18 12:05:11 GMT 2019
OUTPUT>
OUTPUT>COMPLETED at Wed Dec 18 12:12:07 GMT 2019
OUTPUT>
OUTPUT>COMPLETED at Wed Dec 18 12:12:07 GMT 2019
OUTPUT>
ERROR>SLF4J: Failed to load class "org.slf4j.impl.StaticLoggerBinder".
ERROR>SLF4J: Defaulting to no-operation (NOP) logger implementation
ERROR>SLF4J: See http://www.slf4j.org/codes.html#StaticLoggerBinder for further details.
OUTPUT>Start to check local patches....
OUTPUT>COMPLETED at Wed Dec 18 12:55:31 GMT 2019
OUTPUT>
OUTPUT>COMPLETED at Wed Dec 18 12:55:36 GMT 2019
OUTPUT>
OUTPUT>COMPLETED at Wed Dec 18 12:55:36 GMT 2019
OUTPUT>
ERROR>SLF4J: Failed to load class "org.slf4j.impl.StaticLoggerBinder".
ERROR>SLF4J: Defaulting to no-operation (NOP) logger implementation
ERROR>SLF4J: See http://www.slf4j.org/codes.html#StaticLoggerBinder for further details.
OUTPUT>Start to check local patches....
OUTPUT>COMPLETED at Wed Dec 18 12:55:53 GMT 2019
OUTPUT>
ERROR>SLF4J: Failed to load class "org.slf4j.impl.StaticLoggerBinder".
ERROR>SLF4J: Defaulting to no-operation (NOP) logger implementation
ERROR>SLF4J: See http://www.slf4j.org/codes.html#StaticLoggerBinder for further details.
OUTPUT>COMPLETED at Wed Dec 18 12:56:59 GMT 2019
OUTPUT>
